# JRE version: Java(TM) SE Runtime Environment (8.0_131-b11) (build 1.8.0_131-b11)
# Java VM: Java HotSpot(TM) 64-Bit Server VM (25.131-b11 mixed mode windows-amd64 compressed oops)
Heap:
 PSYoungGen      total 361984K, used 270733K [0x0000000780900000, 0x00000007a2000000, 0x00000007c0000000)
  eden space 317952K, 85% used [0x0000000780900000,0x0000000791163590,0x0000000793f80000)
  from space 44032K, 0% used [0x0000000793f80000,0x0000000793f80000,0x0000000796a80000)
  to   space 45056K, 0% used [0x000000079f400000,0x000000079f400000,0x00000007a2000000)
 ParOldGen       total 137728K, used 28945K [0x0000000701a00000, 0x000000070a080000, 0x0000000780900000)
  object space 137728K, 21% used [0x0000000701a00000,0x0000000703644590,0x000000070a080000)
 Metaspace       used 41632K, capacity 42364K, committed 42880K, reserved 1087488K
  class space    used 4905K, capacity 5148K, committed 5248K, reserved 1048576K
GC Heap History (10 events):
Event: 5.905 GC heap before
{Heap before GC invocations=9 (full 1):
 PSYoungGen      total 207360K, used 207346K [0x0000000780900000, 0x0000000791c00000, 0x00000007c0000000)
  eden space 191488K, 100% used [0x0000000780900000,0x000000078c400000,0x000000078c400000)
  from space 15872K, 99% used [0x000000078c400000,0x000000078d37cb78,0x000000078d380000)
  to   space 23040K, 0% used [0x0000000790580000,0x0000000790580000,0x0000000791c00000)
 ParOldGen       total 92672K, used 27919K [0x0000000701a00000, 0x0000000707480000, 0x0000000780900000)
  object space 92672K, 30% used [0x0000000701a00000,0x0000000703543f30,0x0000000707480000)
 Metaspace       used 23544K, capacity 24088K, committed 24192K, reserved 1071104K
  class space    used 2757K, capacity 2935K, committed 2944K, reserved 1048576K
Event: 5.947 GC heap after
Heap after GC invocations=9 (full 1):
 PSYoungGen      total 249856K, used 23018K [0x0000000780900000, 0x0000000797a00000, 0x00000007c0000000)
  eden space 226816K, 0% used [0x0000000780900000,0x0000000780900000,0x000000078e680000)
  from space 23040K, 99% used [0x0000000790580000,0x0000000791bfa958,0x0000000791c00000)
  to   space 31744K, 0% used [0x000000078e680000,0x000000078e680000,0x0000000790580000)
 ParOldGen       total 92672K, used 40652K [0x0000000701a00000, 0x0000000707480000, 0x0000000780900000)
  object space 92672K, 43% used [0x0000000701a00000,0x00000007041b3348,0x0000000707480000)
 Metaspace       used 23544K, capacity 24088K, committed 24192K, reserved 1071104K
  class space    used 2757K, capacity 2935K, committed 2944K, reserved 1048576K
}
Event: 6.634 GC heap before
{Heap before GC invocations=10 (full 1):
 PSYoungGen      total 249856K, used 249834K [0x0000000780900000, 0x0000000797a00000, 0x00000007c0000000)
  eden space 226816K, 100% used [0x0000000780900000,0x000000078e680000,0x000000078e680000)
  from space 23040K, 99% used [0x0000000790580000,0x0000000791bfa958,0x0000000791c00000)
  to   space 31744K, 0% used [0x000000078e680000,0x000000078e680000,0x0000000790580000)
 ParOldGen       total 92672K, used 40652K [0x0000000701a00000, 0x0000000707480000, 0x0000000780900000)
  object space 92672K, 43% used [0x0000000701a00000,0x00000007041b3348,0x0000000707480000)
 Metaspace       used 23556K, capacity 24098K, committed 24192K, reserved 1071104K
  class space    used 2759K, capacity 2937K, committed 2944K, reserved 1048576K
Event: 6.691 GC heap after
Heap after GC invocations=10 (full 1):
 PSYoungGen      total 258560K, used 31742K [0x0000000780900000, 0x0000000799600000, 0x00000007c0000000)
  eden space 226816K, 0% used [0x0000000780900000,0x0000000780900000,0x000000078e680000)
  from space 31744K, 99% used [0x000000078e680000,0x000000079057fa10,0x0000000790580000)
  to   space 42496K, 0% used [0x0000000796c80000,0x0000000796c80000,0x0000000799600000)
 ParOldGen       total 92672K, used 54997K [0x0000000701a00000, 0x0000000707480000, 0x0000000780900000)
  object space 92672K, 59% used [0x0000000701a00000,0x0000000704fb5418,0x0000000707480000)
 Metaspace       used 23556K, capacity 24098K, committed 24192K, reserved 1071104K
  class space    used 2759K, capacity 2937K, committed 2944K, reserved 1048576K
}
Event: 8.290 GC heap before
{Heap before GC invocations=11 (full 1):
 PSYoungGen      total 258560K, used 258558K [0x0000000780900000, 0x0000000799600000, 0x00000007c0000000)
  eden space 226816K, 100% used [0x0000000780900000,0x000000078e680000,0x000000078e680000)
  from space 31744K, 99% used [0x000000078e680000,0x000000079057fa10,0x0000000790580000)
  to   space 42496K, 0% used [0x0000000796c80000,0x0000000796c80000,0x0000000799600000)
 ParOldGen       total 92672K, used 54997K [0x0000000701a00000, 0x0000000707480000, 0x0000000780900000)
  object space 92672K, 59% used [0x0000000701a00000,0x0000000704fb5418,0x0000000707480000)
 Metaspace       used 32371K, capacity 33016K, committed 33280K, reserved 1079296K
  class space    used 3805K, capacity 4010K, committed 4096K, reserved 1048576K
Event: 8.333 GC heap after
Heap after GC invocations=11 (full 1):
 PSYoungGen      total 359936K, used 30505K [0x0000000780900000, 0x0000000799580000, 0x00000007c0000000)
  eden space 317952K, 0% used [0x0000000780900000,0x0000000780900000,0x0000000793f80000)
  from space 41984K, 72% used [0x0000000796c80000,0x0000000798a4a688,0x0000000799580000)
  to   space 44032K, 0% used [0x0000000793f80000,0x0000000793f80000,0x0000000796a80000)
 ParOldGen       total 92672K, used 57809K [0x0000000701a00000, 0x0000000707480000, 0x0000000780900000)
  object space 92672K, 62% used [0x0000000701a00000,0x00000007052744e8,0x0000000707480000)
 Metaspace       used 32371K, capacity 33016K, committed 33280K, reserved 1079296K
  class space    used 3805K, capacity 4010K, committed 4096K, reserved 1048576K
}
Event: 8.500 GC heap before
{Heap before GC invocations=12 (full 1):
 PSYoungGen      total 359936K, used 50657K [0x0000000780900000, 0x0000000799580000, 0x00000007c0000000)
  eden space 317952K, 6% used [0x0000000780900000,0x0000000781cadf30,0x0000000793f80000)
  from space 41984K, 72% used [0x0000000796c80000,0x0000000798a4a688,0x0000000799580000)
  to   space 44032K, 0% used [0x0000000793f80000,0x0000000793f80000,0x0000000796a80000)
 ParOldGen       total 92672K, used 57809K [0x0000000701a00000, 0x0000000707480000, 0x0000000780900000)
  object space 92672K, 62% used [0x0000000701a00000,0x00000007052744e8,0x0000000707480000)
 Metaspace       used 34606K, capacity 35256K, committed 35496K, reserved 1081344K
  class space    used 4111K, capacity 4330K, committed 4352K, reserved 1048576K
Event: 8.519 GC heap after
Heap after GC invocations=12 (full 1):
 PSYoungGen      total 361984K, used 1549K [0x0000000780900000, 0x00000007a2000000, 0x00000007c0000000)
  eden space 317952K, 0% used [0x0000000780900000,0x0000000780900000,0x0000000793f80000)
  from space 44032K, 3% used [0x0000000793f80000,0x0000000794103418,0x0000000796a80000)
  to   space 45056K, 0% used [0x000000079f400000,0x000000079f400000,0x00000007a2000000)
 ParOldGen       total 92672K, used 66486K [0x0000000701a00000, 0x0000000707480000, 0x0000000780900000)
  object space 92672K, 71% used [0x0000000701a00000,0x0000000705aeda10,0x0000000707480000)
 Metaspace       used 34606K, capacity 35256K, committed 35496K, reserved 1081344K
  class space    used 4111K, capacity 4330K, committed 4352K, reserved 1048576K
}
Event: 8.519 GC heap before
{Heap before GC invocations=13 (full 2):
 PSYoungGen      total 361984K, used 1549K [0x0000000780900000, 0x00000007a2000000, 0x00000007c0000000)
  eden space 317952K, 0% used [0x0000000780900000,0x0000000780900000,0x0000000793f80000)
  from space 44032K, 3% used [0x0000000793f80000,0x0000000794103418,0x0000000796a80000)
  to   space 45056K, 0% used [0x000000079f400000,0x000000079f400000,0x00000007a2000000)
 ParOldGen       total 92672K, used 66486K [0x0000000701a00000, 0x0000000707480000, 0x0000000780900000)
  object space 92672K, 71% used [0x0000000701a00000,0x0000000705aeda10,0x0000000707480000)
 Metaspace       used 34606K, capacity 35256K, committed 35496K, reserved 1081344K
  class space    used 4111K, capacity 4330K, committed 4352K, reserved 1048576K
Event: 8.623 GC heap after
Heap after GC invocations=13 (full 2):
 PSYoungGen      total 361984K, used 0K [0x0000000780900000, 0x00000007a2000000, 0x00000007c0000000)
  eden space 317952K, 0% used [0x0000000780900000,0x0000000780900000,0x0000000793f80000)
  from space 44032K, 0% used [0x0000000793f80000,0x0000000793f80000,0x0000000796a80000)
  to   space 45056K, 0% used [0x000000079f400000,0x000000079f400000,0x00000007a2000000)
 ParOldGen       total 137728K, used 28945K [0x0000000701a00000, 0x000000070a080000, 0x0000000780900000)
  object space 137728K, 21% used [0x0000000701a00000,0x0000000703644590,0x000000070a080000)
 Metaspace       used 34606K, capacity 35256K, committed 35496K, reserved 1081344K
  class space    used 4111K, capacity 4330K, committed 4352K, reserved 1048576K
}

